Car Connected
[709.0, 23.92156862745098, 0, 'n/a', 'n/a']
Traceback (most recent call last):
  File "obd_mysqltest.py", line 85, in <module>
    cur.execute(db_query.format(1, r[0], r[1], r[2], r[3], r[4]))
  File "/usr/local/lib/python2.7/dist-packages/mysql/connector/cursor.py", line 551, in execute
    self._handle_result(self._connection.cmd_query(stmt))
  File "/usr/local/lib/python2.7/dist-packages/mysql/connector/connection.py", line 490, in cmd_query
    result = self._handle_result(self._send_cmd(ServerCmd.QUERY, query))
  File "/usr/local/lib/python2.7/dist-packages/mysql/connector/connection.py", line 395, in _handle_result
    raise errors.get_exception(packet)
mysql.connector.errors.ProgrammingError: 1054 (42S22): Unknown column 'n' in 'field list'
Car Connected
[679.0, 22.352941176470587, 0, 'n/a', 'n/a']
Traceback (most recent call last):
  File "obd_mysqltest.py", line 91, in <module>
    cur.execute(db_query.format(1, r[0], r[1], r[2], r[3], r[4]))
  File "/usr/local/lib/python2.7/dist-packages/mysql/connector/cursor.py", line 551, in execute
    self._handle_result(self._connection.cmd_query(stmt))
  File "/usr/local/lib/python2.7/dist-packages/mysql/connector/connection.py", line 490, in cmd_query
    result = self._handle_result(self._send_cmd(ServerCmd.QUERY, query))
  File "/usr/local/lib/python2.7/dist-packages/mysql/connector/connection.py", line 395, in _handle_result
    raise errors.get_exception(packet)
mysql.connector.errors.ProgrammingError: 1054 (42S22): Unknown column 'n' in 'field list'
Exception in thread Thread-1 (most likely raised during interpreter shutdown):
Traceback (most recent call last):
  File "/usr/lib/python2.7/threading.py", line 801, in __bootstrap_inner
  File "/usr/lib/python2.7/threading.py", line 754, in run
  File "/usr/local/lib/python2.7/dist-packages/gps3/agps3threaded.py", line 42, in unpack_data
  File "/usr/local/lib/python2.7/dist-packages/gps3/agps3.py", line 115, in next
<type 'exceptions.AttributeError'>: 'NoneType' object has no attribute 'select'
[obd.obd] '010C: Engine RPM' is not supported
[obd.obd] '0104: Calculated Engine Load' is not supported
[obd.obd] '010D: Vehicle Speed' is not supported
[obd.obd] '010C: Engine RPM' is not supported
[obd.obd] '0104: Calculated Engine Load' is not supported
[obd.obd] '010D: Vehicle Speed' is not supported
[obd.obd] '010C: Engine RPM' is not supported
[obd.obd] '0104: Calculated Engine Load' is not supported
[obd.obd] '010D: Vehicle Speed' is not supported
[obd.obd] '010C: Engine RPM' is not supported
[obd.obd] '0104: Calculated Engine Load' is not supported
[obd.obd] '010D: Vehicle Speed' is not supported
Car Connected
[2864.25, 57.254901960784316, 147, 61.380357, 21.961166333]
[3607.0, 92.15686274509804, 236, 61.380361, 21.961169]
[4164.5, 27.058823529411764, 71, 61.380369833, 21.961169333]
[4844.25, 61.96078431372549, 160, 61.380364333, 21.961169667]
[5373.75, 97.25490196078431, 250, 61.380360833, 21.961175]
[6113.5, 32.549019607843135, 85, 61.380357, 21.961177333]
[699.5, 67.45098039215686, 173, 61.380354667, 21.9611755]
Traceback (most recent call last):
  File "obd_mysqltest.py", line 68, in <module>
    res = c.query(q)
  File "/home/pi/.local/lib/python2.7/site-packages/obd/obd.py", line 255, in query
    messages = self.interface.send_and_parse(cmd_string)
  File "/home/pi/.local/lib/python2.7/site-packages/obd/elm327.py", line 388, in send_and_parse
    lines = self.__send(cmd)
  File "/home/pi/.local/lib/python2.7/site-packages/obd/elm327.py", line 402, in __send
    self.__write(cmd)
  File "/home/pi/.local/lib/python2.7/site-packages/obd/elm327.py", line 419, in __write
    self.__port.flushInput() # dump everything in the input buffer
  File "/home/pi/.local/lib/python2.7/site-packages/serial/serialutil.py", line 584, in flushInput
    self.reset_input_buffer()
  File "/home/pi/.local/lib/python2.7/site-packages/serial/serialposix.py", line 595, in reset_input_buffer
    termios.tcflush(self.fd, termios.TCIFLUSH)
termios.error: (5, 'Input/output error')
Car Connected
[688.5, 21.96078431372549, 0, 61.380355167, 21.961156167]
[692.0, 21.96078431372549, 0, 61.380358833, 21.961147333]
[700.5, 21.96078431372549, 0, 61.3803655, 21.961151333]
[698.0, 21.568627450980394, 0, 61.380366667, 21.961167667]
[704.0, 21.568627450980394, 0, 61.380366833, 21.961179833]
[704.5, 21.568627450980394, 0, 61.380359, 21.961193667]
[698.0, 23.137254901960784, 0, 61.380359167, 21.961186333]
[2617.0, 17.647058823529413, 21, 61.380324333, 21.961267333]
[2357.5, 71.76470588235294, 71, 61.379399333, 21.963012333]
[1819.5, 33.333333333333336, 81, 61.377978833, 21.9656415]
[1701.5, 12.156862745098039, 76, 61.376528333, 21.968408333]
[1619.0, 23.529411764705884, 72, 61.375057, 21.971198667]
[1792.5, 45.88235294117647, 80, 61.373700833, 21.973779667]
[1959.5, 52.549019607843135, 87, 61.372188833, 21.9766515]
[1976.5, 25.49019607843137, 88, 61.370409667, 21.9800225]
[1860.5, 24.705882352941178, 83, 61.368826667, 21.982881]
[1879.0, 27.45098039215686, 84, 61.367227833, 21.985552667]
[1943.5, 26.666666666666668, 87, 61.365590333, 21.988305]
[1955.5, 26.666666666666668, 87, 61.363754333, 21.9913655]
[2031.0, 36.470588235294116, 91, 61.362057, 21.9942155]
[2045.0, 40.0, 91, 61.360141, 21.9974255]
[2108.5, 39.6078431372549, 94, 61.358363, 22.000393333]
[2146.5, 38.03921568627451, 96, 61.3563555, 22.003748]
[2069.0, 38.03921568627451, 92, 61.354561333, 22.006742333]
[2072.0, 33.72549019607843, 92, 61.352787667, 22.009709167]
[2055.5, 37.64705882352941, 92, 61.351025833, 22.012657833]
[2041.5, 36.470588235294116, 91, 61.3490975, 22.015878]
[2060.0, 38.03921568627451, 92, 61.347338333, 22.018847333]
[2126.5, 48.627450980392155, 95, 61.345773, 22.0223215]
[2321.0, 40.3921568627451, 103, 61.344126833, 22.026630667]
[2317.5, 36.07843137254902, 103, 61.342561667, 22.030806667]
[2314.0, 38.431372549019606, 103, 61.341006667, 22.034981667]
[2309.0, 37.64705882352941, 103, 61.339295, 22.039576167]
[2441.5, 96.07843137254902, 110, 61.337757167, 22.043804]
[2462.0, 42.35294117647059, 110, 61.336091333, 22.048245167]
[2442.0, 40.78431372549019, 109, 61.3342795, 22.053080667]
[1970.0, 9.411764705882353, 88, 61.332774833, 22.057155333]
[1906.0, 39.6078431372549, 85, 61.3315245, 22.060581667]
[1953.0, 40.78431372549019, 87, 61.330111667, 22.0644375]
[2037.5, 45.490196078431374, 91, 61.328778833, 22.0680285]
[2122.5, 40.0, 95, 61.327380667, 22.071794167]
[2198.0, 42.745098039215684, 98, 61.325802167, 22.0760415]
[2189.5, 31.764705882352942, 98, 61.324327167, 22.079998]
[2180.0, 34.90196078431372, 97, 61.322855167, 22.0839475]
[2187.0, 38.8235294117647, 98, 61.321390333, 22.0878905]
[2184.5, 38.03921568627451, 98, 61.319777833, 22.0922345]
[2191.5, 35.294117647058826, 98, 61.318313333, 22.09619]
[2182.5, 47.05882352941177, 98, 61.316708667, 22.100534833]
[2178.5, 49.01960784313726, 97, 61.315247833, 22.104485]
[1639.0, 8.627450980392156, 73, 61.313941833, 22.107990833]
[2104.0, 98.82352941176471, 95, 61.312623, 22.111533333]
[2139.0, 37.64705882352941, 95, 61.311193333, 22.115398833]
[2136.5, 41.1764705882353, 95, 61.309759833, 22.1192675]
[1763.0, 8.627450980392156, 78, 61.308388333, 22.1229175]
[2113.0, 9.411764705882353, 47, 61.307234667, 22.125869833]
[1834.5, 18.03921568627451, 41, 61.3062295, 22.126207167]
[1094.0, 12.549019607843137, 30, 61.305305, 22.127790167]
[2121.5, 85.88235294117646, 49, 61.3047665, 22.127735167]
[2301.5, 40.0, 69, 61.303729167, 22.125717]
[1667.0, 12.549019607843137, 74, 61.302316167, 22.122961333]
[1712.5, 28.627450980392158, 63, 61.301067167, 22.120607]
[1836.5, 60.3921568627451, 82, 61.299769833, 22.118376]
[1892.5, 40.78431372549019, 85, 61.2980985, 22.115309]
[1956.5, 35.68627450980392, 87, 61.296411667, 22.1126535]
[1968.5, 38.03921568627451, 88, 61.294600167, 22.110236833]
[2016.0, 40.78431372549019, 90, 61.292483333, 22.107921167]
[2134.0, 50.19607843137255, 95, 61.2904135, 22.106099333]
[2164.5, 35.68627450980392, 96, 61.288256, 22.1042405]
[2138.5, 26.666666666666668, 95, 61.286065333, 22.102368667]
[2137.0, 35.68627450980392, 95, 61.283735333, 22.1004165]
[2139.5, 35.68627450980392, 95, 61.2814685, 22.098391]
[2134.0, 37.254901960784316, 95, 61.279341667, 22.0962565]
[2143.0, 36.470588235294116, 96, 61.277073667, 22.093674667]
[2133.5, 40.3921568627451, 95, 61.275032, 22.091241333]
[2154.5, 27.45098039215686, 96, 61.272988833, 22.0888075]
[2136.5, 38.431372549019606, 95, 61.270715833, 22.086268333]
[2158.5, 36.07843137254902, 96, 61.268587667, 22.084258]
[2141.5, 30.19607843137255, 95, 61.266441667, 22.082147]
[2122.0, 47.84313725490196, 95, 61.264150667, 22.079673]
[2151.0, 35.294117647058826, 96, 61.262043833, 22.0775285]
[2134.0, 31.372549019607842, 95, 61.259866167, 22.07556]
[2136.5, 40.0, 95, 61.257471, 22.0735935]
[2139.0, 48.23529411764706, 95, 61.255263, 22.071981833]
[2154.0, 29.41176470588235, 96, 61.253013667, 22.070533667]
[2139.5, 33.333333333333336, 96, 61.250746333, 22.0692715]
[2142.5, 31.764705882352942, 96, 61.248219167, 22.068092833]
[2144.0, 45.09803921568628, 96, 61.245916167, 22.067193333]
[2134.5, 41.96078431372549, 95, 61.243604833, 22.066347333]
[2127.5, 11.764705882352942, 95, 61.241045667, 22.065421333]
[2147.0, 39.6078431372549, 96, 61.238738833, 22.064590333]
[2149.0, 39.21568627450981, 96, 61.236425, 22.063752667]
[2135.5, 37.64705882352941, 95, 61.233898, 22.062587833]
[2141.0, 37.254901960784316, 95, 61.23165, 22.061204333]
[2139.5, 36.470588235294116, 96, 61.2292245, 22.0593865]
[2138.0, 36.470588235294116, 95, 61.227023, 22.057664]
[2148.0, 18.823529411764707, 96, 61.224820833, 22.055928833]
[1921.5, 32.15686274509804, 86, 61.222503333, 22.054099167]
[1479.0, 8.627450980392156, 66, 61.220735167, 22.052704667]
[1479.0, 45.88235294117647, 66, 61.219293, 22.051570833]
[1591.5, 38.03921568627451, 71, 61.217678833, 22.050488333]
[1815.5, 77.25490196078431, 81, 61.215714167, 22.049668167]
[2006.0, 68.23529411764706, 90, 61.213658, 22.049276667]
[2321.5, 45.88235294117647, 104, 61.211105667, 22.049543333]
[2227.5, 74.50980392156863, 100, 61.208546, 22.050392]
[2050.0, 18.431372549019606, 92, 61.2062195, 22.051293833]
[2110.5, 47.450980392156865, 94, 61.203740167, 22.052249667]
[2170.5, 32.549019607843135, 97, 61.2014335, 22.053164]
[2154.0, 36.07843137254902, 96, 61.199104167, 22.054224167]
[2172.0, 31.372549019607842, 97, 61.196841667, 22.055711833]
[2160.5, 32.94117647058823, 96, 61.194403833, 22.057712333]
[2164.5, 33.333333333333336, 97, 61.1921815, 22.05948]
[2161.5, 32.549019607843135, 97, 61.189608833, 22.060372167]
[2155.5, 38.03921568627451, 96, 61.187236333, 22.060485167]
[1947.0, 9.019607843137255, 86, 61.184928167, 22.060575667]
[1811.0, 26.666666666666668, 81, 61.182896, 22.060848833]
[1815.0, 36.07843137254902, 81, 61.180802167, 22.062147667]
[1819.0, 32.94117647058823, 81, 61.179054833, 22.064140667]
[1693.0, 8.627450980392156, 75, 61.177387333, 22.066310833]
[1604.5, 30.980392156862745, 71, 61.175746667, 22.068416667]
[1733.5, 41.1764705882353, 77, 61.174201, 22.070400833]
[1887.5, 46.666666666666664, 84, 61.172518, 22.072518667]
[1922.5, 35.294117647058826, 86, 61.170428833, 22.074531]
[1897.5, 28.235294117647058, 85, 61.168572833, 22.076569167]
[1887.5, 31.372549019607842, 84, 61.166901167, 22.079103]
[1911.5, 38.431372549019606, 85, 61.165265667, 22.081748]
[1976.0, 34.11764705882353, 88, 61.163396167, 22.084678333]
[1956.5, 33.72549019607843, 87, 61.161555, 22.086956167]
[1905.0, 27.058823529411764, 85, 61.1594165, 22.089024833]
[1849.0, 21.176470588235293, 82, 61.157593833, 22.091025167]
[1832.0, 45.09803921568628, 82, 61.155865333, 22.093052833]
[2020.0, 42.745098039215684, 90, 61.154027667, 22.095171667]
[2008.5, 31.764705882352942, 89, 61.151857, 22.0975595]
[1938.5, 27.058823529411764, 86, 61.149925333, 22.0996465]
[1866.0, 15.686274509803921, 83, 61.147905167, 22.102053]
[1716.5, 25.49019607843137, 77, 61.1462755, 22.1043185]
[1729.0, 38.431372549019606, 77, 61.144793, 22.106681833]
[1808.5, 33.333333333333336, 81, 61.1432945, 22.109264333]
[1911.0, 29.41176470588235, 85, 61.141586833, 22.1122535]
[1921.0, 30.19607843137255, 86, 61.139954333, 22.115063833]
[1736.5, 10.196078431372548, 77, 61.138348833, 22.1176365]
[1415.0, 29.80392156862745, 63, 61.136780667, 22.119712]
[1489.0, 47.05882352941177, 66, 61.135401667, 22.121229667]
[1465.0, 11.372549019607844, 65, 61.133897833, 22.122591]
[1124.0, 11.764705882352942, 49, 61.132356167, 22.123713833]
[790.5, 20.0, 2, 61.131688333, 22.123992833]
[1624.5, 10.980392156862745, 23, 61.131422, 22.123784333]
[2055.5, 77.6470588235294, 47, 61.131281333, 22.124900333]
[2303.5, 17.254901960784313, 68, 61.131300333, 22.128054167]
[1827.5, 10.196078431372548, 68, 61.131295833, 22.131471333]
[1874.0, 10.588235294117647, 69, 61.131294667, 22.1352885]
[1894.5, 10.588235294117647, 70, 61.131290167, 22.13875]
[1322.5, 9.019607843137255, 48, 61.131318833, 22.14193]
[1805.5, 69.80392156862744, 54, 61.131363667, 22.144485167]
[1831.0, 76.47058823529412, 68, 61.131399667, 22.147661333]
[1630.0, 26.666666666666668, 73, 61.131453, 22.151368667]
[1727.0, 36.86274509803921, 77, 61.1317765, 22.1555035]
[1788.5, 37.64705882352941, 80, 61.132585833, 22.1591075]
[1855.5, 14.117647058823529, 83, 61.133466333, 22.162824167]
[1721.5, 9.019607843137255, 76, 61.1344465, 22.166896]
[822.0, 27.058823529411764, 29, 61.135168167, 22.169595833]
[1884.0, 90.19607843137256, 57, 61.134708667, 22.170889167]
[1734.0, 93.33333333333333, 78, 61.133048333, 22.172519333]
[1824.0, 47.450980392156865, 81, 61.131140167, 22.173210833]
[1818.0, 36.470588235294116, 81, 61.1292895, 22.1747485]
[1830.0, 20.784313725490197, 82, 61.127412333, 22.176109667]
[1804.0, 35.68627450980392, 80, 61.125224, 22.176914]
[1818.0, 36.07843137254902, 81, 61.123345, 22.178250333]
[1823.5, 35.68627450980392, 81, 61.121616, 22.180304333]
[1819.0, 28.627450980392158, 81, 61.119900333, 22.183145833]
[1816.5, 42.35294117647059, 81, 61.118560833, 22.1861755]
[1830.0, 35.294117647058826, 82, 61.117338, 22.189442]
[1822.0, 28.627450980392158, 81, 61.116100667, 22.192704667]
[1817.0, 41.1764705882353, 81, 61.114755167, 22.196286]
[1824.0, 29.019607843137255, 81, 61.113529833, 22.199559667]
[1818.5, 30.980392156862745, 81, 61.112306, 22.202824]
[1824.0, 29.80392156862745, 81, 61.110956833, 22.2064165]
[1820.5, 27.84313725490196, 81, 61.1097275, 22.209681667]
[1818.5, 27.45098039215686, 81, 61.108500333, 22.212937]
[1818.0, 31.764705882352942, 81, 61.107333833, 22.216757667]
[1818.5, 32.94117647058823, 81, 61.106598167, 22.220586167]
[1824.0, 27.058823529411764, 81, 61.105774833, 22.224341667]
[1824.0, 26.274509803921568, 81, 61.104673167, 22.227792667]
[1822.0, 21.96078431372549, 81, 61.103167667, 22.231111167]
[1816.0, 24.705882352941178, 81, 61.101580667, 22.2336125]
[1819.0, 23.92156862745098, 81, 61.099817167, 22.2355525]
[1816.5, 26.274509803921568, 81, 61.097754333, 22.237181833]
[1819.0, 30.58823529411765, 81, 61.095879167, 22.238607833]
[1817.0, 31.372549019607842, 81, 61.094070167, 22.2403295]
[1822.0, 31.372549019607842, 81, 61.092247833, 22.242835333]
[1816.5, 30.58823529411765, 81, 61.090772167, 22.245605]
[1822.5, 28.235294117647058, 81, 61.089516, 22.248801833]
[1818.5, 29.80392156862745, 81, 61.088311333, 22.252594833]
[1820.0, 28.627450980392158, 81, 61.087228833, 22.2560605]
[1817.5, 29.41176470588235, 81, 61.086138333, 22.259514333]
[1820.0, 29.41176470588235, 81, 61.085049, 22.262969833]
[1822.5, 28.627450980392158, 81, 61.083815, 22.2667335]
[1650.5, 9.411764705882353, 73, 61.082625167, 22.270031333]
[1371.0, 59.6078431372549, 61, 61.081632667, 22.272654]
[1831.5, 31.764705882352942, 82, 61.0804445, 22.2757715]
[1845.5, 26.274509803921568, 82, 61.0792, 22.279079333]
[1841.0, 29.41176470588235, 82, 61.077991167, 22.282917833]
[1843.0, 26.274509803921568, 82, 61.0770145, 22.286571]
[1839.5, 29.41176470588235, 82, 61.076094333, 22.290284833]
[1840.5, 27.84313725490196, 82, 61.075172, 22.293999667]
[1842.0, 29.41176470588235, 82, 61.074159667, 22.298087]
[1841.5, 29.019607843137255, 82, 61.073235167, 22.301801333]
[1841.0, 30.58823529411765, 82, 61.072315833, 22.305517167]
[1841.0, 31.372549019607842, 82, 61.071298333, 22.309602667]
[1842.5, 30.58823529411765, 82, 61.070296833, 22.313238]
[1843.0, 30.19607843137255, 82, 61.069063333, 22.316536333]
[1841.0, 29.80392156862745, 82, 61.067599333, 22.319412333]
[1840.5, 29.80392156862745, 82, 61.065772167, 22.322024833]
[1842.5, 29.41176470588235, 82, 61.0639455, 22.32384]
[1845.5, 29.41176470588235, 82, 61.0620265, 22.325175333]
[1838.5, 33.333333333333336, 82, 61.059909833, 22.326549833]
[1844.0, 31.764705882352942, 82, 61.058030167, 22.328069333]
[1842.5, 28.627450980392158, 82, 61.0563345, 22.330328667]
[1843.0, 29.41176470588235, 82, 61.054806, 22.333646]
[1840.5, 28.235294117647058, 82, 61.053572833, 22.3369485]
[1841.0, 28.235294117647058, 82, 61.052331333, 22.340244833]
[1839.5, 30.19607843137255, 82, 61.051126, 22.3435945]
[1659.5, 10.196078431372548, 73, 61.049893167, 22.347393833]
[1041.5, 13.72549019607843, 45, 61.0491015, 22.350067667]
[1256.0, 14.901960784313726, 18, 61.048655167, 22.3506655]
[1242.5, 14.117647058823529, 18, 61.048394667, 22.3500265]
[1310.5, 12.156862745098039, 19, 61.048284, 22.3491845]
[769.0, 18.823529411764707, 6, 61.047814167, 22.348887]
[2440.5, 18.431372549019606, 36, 61.047918, 22.349477667]
[975.5, 16.470588235294116, 24, 61.0486495, 22.350858667]
[1972.0, 46.666666666666664, 58, 61.048419, 22.352475167]
[2145.5, 10.196078431372548, 63, 61.047538333, 22.355571]
[1397.0, 8.627450980392156, 40, 61.0468775, 22.357898]
[2050.5, 9.803921568627452, 30, 61.046325, 22.358823333]
[1099.0, 13.333333333333334, 15, 61.046123, 22.358318]
[671.5, 20.784313725490197, 0, 61.046276167, 22.358313]
[652.5, 20.392156862745097, 0, 61.0462785, 22.358311]
[1322.0, 48.23529411764706, 0, 61.046280667, 22.358309167]
[-99, -99, -99, 61.046331333, 22.358163667]
[-99, -99, -99, 61.046333, 22.358155667]
[-99, -99, -99, 61.046328667, 22.358152333]
[-99, -99, -99, 61.046326333, 22.358147833]
[-99, -99, -99, 61.046324167, 22.358170333]
[-99, -99, -99, 61.046323833, 22.358182167]
[-99, -99, -99, 61.046328, 22.358181]
[-99, -99, -99, 61.046328167, 22.358169833]
[-99, -99, -99, 61.046326667, 22.3581555]
[-99, -99, -99, 61.046331833, 22.358159167]
[-99, -99, -99, 61.046326333, 22.358156167]
[-99, -99, -99, 61.046324333, 22.3581565]
[-99, -99, -99, 61.046325, 22.358162833]
[-99, -99, -99, 61.046323167, 22.358159]
[-99, -99, -99, 61.046323333, 22.358158667]
[-99, -99, -99, 61.046320333, 22.358166333]
[-99, -99, -99, 61.046322, 22.358171]
[-99, -99, -99, 61.046320167, 22.358166333]
[-99, -99, -99, 61.046320167, 22.358156]
[-99, -99, -99, 61.046322833, 22.3581485]
[-99, -99, -99, 61.046333333, 22.3581265]
[-99, -99, -99, 61.0463325, 22.358145]
[-99, -99, -99, 61.046331333, 22.3581465]
[-99, -99, -99, 61.046335333, 22.3581495]
[0.0, 0.0, 0, 61.046340667, 22.358147833]
[1470.0, 42.35294117647059, 4, 61.046342167, 22.358149167]
[976.5, 15.686274509803921, 14, 61.046184833, 22.357718167]
[738.0, 21.96078431372549, 6, 61.045998333, 22.358280833]
[1257.0, 58.8235294117647, 20, 61.045997, 22.358598833]
[1944.0, 83.92156862745098, 45, 61.046295833, 22.3597115]
[2001.0, 52.94117647058823, 75, 61.045597167, 22.362421833]
[1849.0, 15.294117647058824, 82, 61.0445195, 22.366216833]
[1860.0, 36.470588235294116, 83, 61.043501667, 22.369832333]
[1944.0, 38.8235294117647, 87, 61.042445, 22.373530167]
[2001.0, 36.07843137254902, 89, 61.041344167, 22.377384333]
[1908.0, 10.196078431372548, 85, 61.040152667, 22.3815865]
[664.5, 21.96078431372549, 44, 61.039178667, 22.3844905]
[2465.0, 45.88235294117647, 37, 61.038919667, 22.385682333]
[2014.0, 10.588235294117647, 45, 61.0391035, 22.3878285]
[795.5, 18.431372549019606, 1, 61.038492333, 22.388643667]
[2114.0, 23.137254901960784, 31, 61.038325667, 22.388899333]
[2116.5, 38.8235294117647, 48, 61.0381065, 22.390516667]
[2480.0, 22.352941176470587, 56, 61.038158, 22.39342]
[2439.5, 11.764705882352942, 55, 61.0380365, 22.396160667]
[1050.0, 14.509803921568627, 29, 61.037341667, 22.398485333]
[2061.0, 41.568627450980394, 38, 61.0368555, 22.399429167]
[1552.5, 48.627450980392155, 24, 61.036188167, 22.400355333]
[2229.5, 11.372549019607844, 50, 61.035509, 22.401845833]
[2257.0, 15.686274509803921, 50, 61.0350265, 22.404401333]
[2123.0, 9.411764705882353, 47, 61.034841333, 22.4068795]
[1695.5, 8.627450980392156, 24, 61.034395833, 22.408712167]
[1797.5, 13.72549019607843, 48, 61.0348045, 22.410394833]
[1755.0, 21.96078431372549, 52, 61.035517167, 22.412478333]
[1512.0, 65.09803921568627, 46, 61.036064333, 22.414574333]
[1794.5, 21.176470588235293, 53, 61.037102833, 22.415895167]
[1646.5, 9.411764705882353, 48, 61.0383315, 22.417238]
[2556.0, 19.215686274509803, 38, 61.0388665, 22.4187075]
[1640.5, 9.019607843137255, 35, 61.0391485, 22.420850333]
[1647.5, 21.96078431372549, 24, 61.039041333, 22.422341833]
[915.5, 16.07843137254902, 19, 61.039051833, 22.423590333]
[703.0, 19.215686274509803, 0, 61.039351, 22.423715167]
[-99, -99, -99, 61.039356, 22.4237395]
[-99, -99, -99, 61.039358167, 22.423741]
[-99, -99, -99, 61.039359167, 22.423719667]
[-99, -99, -99, 61.039362333, 22.4237085]
[-99, -99, -99, 61.039357833, 22.423691167]
[-99, -99, -99, 61.039356333, 22.4237005]
[-99, -99, -99, 61.039349333, 22.423696]
[-99, -99, -99, 61.039347333, 22.423697333]
[-99, -99, -99, 61.039353667, 22.4236965]
[-99, -99, -99, 61.039365833, 22.423693333]
[-99, -99, -99, 61.039378333, 22.4236875]
[-99, -99, -99, 61.0393815, 22.423673]
[-99, -99, -99, 61.039374333, 22.423674833]
[-99, -99, -99, 61.039367167, 22.423671333]
[-99, -99, -99, 61.039352833, 22.423660833]
[-99, -99, -99, 61.039351, 22.423641667]
[-99, -99, -99, 61.039350333, 22.423622667]
[-99, -99, -99, 61.039347833, 22.423624167]
[-99, -99, -99, 61.039349667, 22.423615833]
[-99, -99, -99, 61.039355, 22.4236355]
[-99, -99, -99, 61.039352167, 22.423634167]
[-99, -99, -99, 61.039351667, 22.423624667]
[-99, -99, -99, 61.039337667, 22.423638333]
[-99, -99, -99, 61.039335667, 22.423659]
[-99, -99, -99, 61.039336, 22.4236465]
[-99, -99, -99, 61.039340667, 22.4236295]
[-99, -99, -99, 61.039346167, 22.423638]
[-99, -99, -99, 61.039350833, 22.423657333]
[-99, -99, -99, 61.039354167, 22.423676167]
[-99, -99, -99, 61.039356333, 22.423684]
[-99, -99, -99, 61.039355833, 22.4236875]
[-99, -99, -99, 61.039360167, 22.423673667]
[-99, -99, -99, 61.039362167, 22.423652833]
[-99, -99, -99, 61.0393655, 22.423656833]
[-99, -99, -99, 61.039365, 22.423657667]
[-99, -99, -99, 61.0393645, 22.423661833]
[-99, -99, -99, 61.039359833, 22.423664167]
[-99, -99, -99, 61.039362833, 22.423675333]
[-99, -99, -99, 61.039365833, 22.423681167]
[-99, -99, -99, 61.039362667, 22.423670833]
[-99, -99, -99, 61.039361333, 22.423671167]
[-99, -99, -99, 61.039363167, 22.423665833]
[-99, -99, -99, 61.039361167, 22.423660167]
[-99, -99, -99, 61.0393665, 22.423668167]
[-99, -99, -99, 61.039374667, 22.423648]
[-99, -99, -99, 61.039381333, 22.423638833]
[-99, -99, -99, 61.039376333, 22.423657667]
[-99, -99, -99, 61.039377667, 22.423672333]
[-99, -99, -99, 61.039377333, 22.4236825]
[-99, -99, -99, 61.039374667, 22.423678667]
[-99, -99, -99, 61.039368333, 22.423685667]
[-99, -99, -99, 61.039364, 22.423688333]
[-99, -99, -99, 61.039354833, 22.423694333]
[-99, -99, -99, 61.03934, 22.4236995]
[-99, -99, -99, 61.039330333, 22.423707167]
[-99, -99, -99, 61.039333833, 22.423715333]
[-99, -99, -99, 61.039334667, 22.423723167]
[-99, -99, -99, 61.039341, 22.423719167]
[-99, -99, -99, 61.039356833, 22.423727333]
[-99, -99, -99, 61.039363833, 22.423694833]
[-99, -99, -99, 61.039361167, 22.423667667]
[-99, -99, -99, 61.039361667, 22.423680333]
[-99, -99, -99, 61.039363333, 22.423683167]
[-99, -99, -99, 61.039378833, 22.423685]
[-99, -99, -99, 61.039385833, 22.42367]
[-99, -99, -99, 61.039378833, 22.423653]
[-99, -99, -99, 61.039382167, 22.423646]
[-99, -99, -99, 61.039389333, 22.4236565]
[-99, -99, -99, 61.039402333, 22.423657]
[-99, -99, -99, 61.039407, 22.423663333]
[-99, -99, -99, 61.039411, 22.423659667]
[-99, -99, -99, 61.039412167, 22.423659667]
[-99, -99, -99, 61.03941, 22.423656333]
[-99, -99, -99, 61.039402667, 22.423655667]
[-99, -99, -99, 61.039380667, 22.423655167]
[-99, -99, -99, 61.039369333, 22.423650667]
[-99, -99, -99, 61.039368167, 22.423648167]
[-99, -99, -99, 61.039367333, 22.423662667]
[-99, -99, -99, 61.039368, 22.4236645]
[-99, -99, -99, 61.039374833, 22.423665]
[-99, -99, -99, 61.039379833, 22.423658667]
[-99, -99, -99, 61.039372333, 22.4236665]
[-99, -99, -99, 61.039365333, 22.423676]
[-99, -99, -99, 61.0393625, 22.423673833]
[-99, -99, -99, 61.039357333, 22.423678667]
[-99, -99, -99, 61.039353833, 22.423660667]
[-99, -99, -99, 61.0393585, 22.423656]
[-99, -99, -99, 61.039359333, 22.423660167]
[-99, -99, -99, 61.039354333, 22.423647667]
[-99, -99, -99, 61.03935, 22.423638667]
[-99, -99, -99, 61.039350333, 22.423629333]
[-99, -99, -99, 61.039352667, 22.4236465]
[-99, -99, -99, 61.0393525, 22.423674833]
[-99, -99, -99, 61.039353667, 22.4236905]
[-99, -99, -99, 61.039352333, 22.423714333]
[-99, -99, -99, 61.039349667, 22.423734333]
[-99, -99, -99, 61.039348167, 22.423739333]
[-99, -99, -99, 61.0393415, 22.423720333]
[-99, -99, -99, 61.0393395, 22.423694833]
[-99, -99, -99, 61.039338333, 22.423692]
[-99, -99, -99, 61.039338167, 22.423695833]
[-99, -99, -99, 61.039343333, 22.423695833]
[-99, -99, -99, 61.039343, 22.423699333]
[-99, -99, -99, 61.0393385, 22.423711167]
[-99, -99, -99, 61.039327833, 22.423705833]
[-99, -99, -99, 61.039319, 22.423685667]
[-99, -99, -99, 61.039328333, 22.423679333]
[-99, -99, -99, 61.039341333, 22.4236745]
[-99, -99, -99, 61.039348333, 22.423694667]
[-99, -99, -99, 61.039358333, 22.423708167]
[-99, -99, -99, 61.039359333, 22.423698167]
[-99, -99, -99, 61.039358167, 22.423710667]
[-99, -99, -99, 61.039354833, 22.423703167]
[-99, -99, -99, 61.0393575, 22.423688333]
[-99, -99, -99, 61.039369833, 22.423682833]
[-99, -99, -99, 61.039381833, 22.423674333]
[-99, -99, -99, 61.039381667, 22.423673]
[-99, -99, -99, 61.039370333, 22.423680667]
[-99, -99, -99, 61.039362667, 22.4236895]
[-99, -99, -99, 61.039352, 22.423693833]
[-99, -99, -99, 61.0393315, 22.42368]
[-99, -99, -99, 61.039311333, 22.4236605]
[-99, -99, -99, 61.0393115, 22.423655333]
[-99, -99, -99, 61.039327167, 22.4236705]
[-99, -99, -99, 61.039345833, 22.423685]
[-99, -99, -99, 61.0393575, 22.4236975]
[-99, -99, -99, 61.039366833, 22.423693]
[-99, -99, -99, 61.039368667, 22.423687667]
[-99, -99, -99, 61.039365667, 22.423697167]
[-99, -99, -99, 61.0393755, 22.4237055]
[-99, -99, -99, 61.0393825, 22.423703]
[-99, -99, -99, 61.039386667, 22.4237005]
[-99, -99, -99, 61.039379167, 22.423705333]
[-99, -99, -99, 61.0393685, 22.4237115]
[-99, -99, -99, 61.0393465, 22.423693667]
[-99, -99, -99, 61.039346333, 22.423702]
[-99, -99, -99, 61.039339667, 22.423712833]
[-99, -99, -99, 61.0393355, 22.423716667]
[-99, -99, -99, 61.039340833, 22.4236995]
[-99, -99, -99, 61.039345833, 22.423691167]
[-99, -99, -99, 61.039342167, 22.423689]
[-99, -99, -99, 61.039343, 22.423677333]
[-99, -99, -99, 61.0393365, 22.423677]
[-99, -99, -99, 61.039328667, 22.423690667]
[-99, -99, -99, 61.03933, 22.4237115]
[-99, -99, -99, 61.039339333, 22.423726333]
[0.0, 0.0, 0, 61.039340833, 22.423733667]
[664.0, 70.58823529411765, 0, 61.039344833, 22.423731167]
[1395.0, 61.96078431372549, 10, 61.039319333, 22.423743667]
[918.5, 15.686274509803921, 7, 61.039220333, 22.423098333]
[1194.5, 16.07843137254902, 3, 61.039149833, 22.423014]
[1392.0, 10.588235294117647, 21, 61.039251833, 22.423363]
[1237.5, 10.196078431372548, 18, 61.039188, 22.424134833]
[1841.5, 46.666666666666664, 28, 61.039589, 22.424119833]
[1762.5, 9.019607843137255, 52, 61.039332167, 22.4217755]
[1297.0, 9.019607843137255, 37, 61.039034167, 22.419391667]
[687.0, 22.352941176470587, 0, 61.039005333, 22.418504333]
[1768.0, 60.3921568627451, 40, 61.038744167, 22.417823833]
[2259.0, 18.03921568627451, 51, 61.037813167, 22.416434833]
[1344.5, 40.78431372549019, 50, 61.036651667, 22.415303]
[1481.5, 12.156862745098039, 55, 61.035766, 22.413280167]
[1491.5, 9.019607843137255, 55, 61.035008333, 22.410954]
[1502.0, 9.803921568627452, 21, 61.034480833, 22.409115333]
[1818.0, 47.450980392156865, 53, 61.033798667, 22.409339667]
[1667.0, 31.372549019607842, 62, 61.032298833, 22.410437667]
[1424.0, 33.72549019607843, 53, 61.031038, 22.411742667]
[1517.5, 20.392156862745097, 56, 61.0303145, 22.414125833]
[1400.5, 12.941176470588236, 51, 61.029535167, 22.416652667]
[1571.5, 33.72549019607843, 58, 61.028445667, 22.4182645]
[1425.5, 9.019607843137255, 52, 61.027038333, 22.418324]
[1395.5, Car Connected
[1587.5, 9.019607843137255, 47, 60.4712055, 22.2654295]
[1596.5, 9.803921568627452, 47, 60.469968, 22.265968667]
[1690.0, 31.764705882352942, 50, 60.468934667, 22.266640667]
[1684.0, 8.627450980392156, 49, 60.467665, 22.267840333]
[1464.0, 15.686274509803921, 43, 60.466625333, 22.268705333]
[1537.0, 12.156862745098039, 45, 60.465584667, 22.269391833]
[1414.5, 24.313725490196077, 42, 60.464577333, 22.2701805]
[1559.5, 36.470588235294116, 47, 60.463449333, 22.2701695]
[1791.5, 21.176470588235293, 53, 60.462333333, 22.269028667]
[1730.5, 9.019607843137255, 51, 60.461224667, 22.267784333]
[883.5, 18.03921568627451, 18, 60.460299667, 22.266673667]
[180.0, 0.0, 0, 60.4602395, 22.266541667]
[0.0, 0.0, 0, 60.460243333, 22.266520667]
[0.0, 0.0, 0, 60.460244167, 22.2665135]
[0.0, 0.0, 0, 60.4602425, 22.26652]
[0.0, 0.0, 0, 60.460226, 22.266531167]
[1816.0, 65.49019607843137, 10, 60.46021, 22.2665475]
[2679.0, 18.823529411764707, 38, 60.459672833, 22.2664695]
[1870.0, 9.019607843137255, 42, 60.458820333, 22.267826667]
[1215.0, 12.941176470588236, 28, 60.457941333, 22.268743167]
[672.0, 24.705882352941178, 0, 60.457734667, 22.268787]
[1882.0, 37.64705882352941, 21, 60.457658667, 22.26879]
[1801.0, 14.509803921568627, 40, 60.456730167, 22.268659833]
[1630.0, 53.333333333333336, 48, 60.455695167, 22.269556]
[1373.5, 9.019607843137255, 41, 60.454905833, 22.270746167]
[762.0, 16.07843137254902, 12, 60.454371667, 22.271647833]
[1515.5, 10.588235294117647, 34, 60.453922667, 22.272437667]
[822.5, 17.254901960784313, 6, 60.4533865, 22.273285667]
[650.5, 20.0, 0, 60.453391667, 22.273350167]
[0.0, 0.0, 0, 60.453409833, 22.273362333]
[0.0, 0.0, 0, 60.453422, 22.273367833]
[0.0, 0.0, 0, 60.453441333, 22.2733565]
[0.0, 0.0, 0, 60.453453, 22.2733415]
[0.0, 0.0, 0, 60.453474833, 22.273342833]
[0.0, 0.0, 0, 60.4534865, 22.2733365]
[2177.5, 24.313725490196077, 32, 60.453174333, 22.273805667]
[1855.0, 8.235294117647058, 27, 60.452444667, 22.274908333]
[972.5, 18.03921568627451, 17, 60.451795667, 22.275758833]
[1432.0, 51.76470588235294, 9, 60.4514625, 22.2761895]
[1347.5, 27.058823529411764, 20, 60.451054333, 22.276736167]
[903.0, 48.627450980392155, 13, 60.4507665, 22.277144]
[2077.0, 39.21568627450981, 47, 60.4501785, 22.278041667]
[2021.0, 43.92156862745098, 60, 60.449060833, 22.279826667]
[1601.5, 8.627450980392156, 47, 60.448005667, 22.281417167]
[1567.0, 9.803921568627452, 46, 60.447153833, 22.282775833]
[0.0, 0.0, 0, 60.446734833, 22.2834225]
[0.0, 0.0, 0, 60.446710333, 22.2834365]
[0.0, 0.0, 0, 60.446702, 22.283436667]
[0.0, 0.0, 0, 60.446699833, 22.2834345]
[0.0, 0.0, 0, 60.446689167, 22.283442333]
[2124.5, 13.72549019607843, 20, 60.446632667, 22.283536667]
[1973.5, 12.156862745098039, 44, 60.445798333, 22.2845825]
[1538.0, 53.72549019607843, 46, 60.444873167, 22.285363167]
[1713.5, 40.78431372549019, 51, 60.4438195, 22.286301]
[1306.0, 9.019607843137255, 38, 60.4426935, 22.287495333]
[1876.5, 30.19607843137255, 55, 60.4416715, 22.288711]
[2019.0, 10.196078431372548, 59, 60.440434, 22.290016]
[1856.5, 10.196078431372548, 54, 60.439055667, 22.290970667]
[1510.5, 31.764705882352942, 45, 60.437734167, 22.291477833]
[1613.0, 45.88235294117647, 48, 60.4367265, 22.292093167]
[1427.5, 67.84313725490196, 64, 60.435809667, 22.294181]
[1441.0, 39.21568627450981, 64, 60.434627833, 22.296765833]
[1529.0, 87.05882352941177, 70, 60.433391833, 22.298783]
[1322.5, 14.509803921568627, 59, 60.432042333, 22.300534333]
[1250.5, 9.803921568627452, 56, 60.430706833, 22.302111833]
[1341.5, 9.803921568627452, 60, 60.4295305, 22.303749167]
[1263.0, 9.019607843137255, 56, 60.428482167, 22.305769333]
[1101.0, 19.607843137254903, 48, 60.427610667, 22.307968333]
[2040.0, 18.823529411764707, 30, 60.427096167, 22.3090595]
[2095.0, 9.019607843137255, 30, 60.426344667, 22.3091605]
[720.5, 21.176470588235293, 0, 60.425942667, 22.3094985]
[0.0, 0.0, 0, 60.425931167, 22.309505667]
[0.0, 0.0, 0, 60.425923667, 22.309515167]
[1405.0, 50.98039215686274, 12, 60.425914833, 22.309526167]
[2315.5, 35.68627450980392, 53, 60.4255315, 22.308285667]
[2425.5, 12.1568627450980